[2023-10-03T19:27:16.205Z] 
[2023-10-03T19:27:16.206Z] boost new:read-model UserReadModel --projects User
[2023-10-03T19:27:16.206Z] Error: Error parsing projection User. Projections must be in the form of <entity name>:<entity id>
[2023-10-03T19:27:16.206Z]     at projectionParsingError (/usr/local/share/nvm/versions/node/v20.6.1/lib/node_modules/@boostercloud/cli/dist/services/generator/target/parsing.js:56:48)
[2023-10-03T19:27:16.206Z]     at parseProjection (/usr/local/share/nvm/versions/node/v20.6.1/lib/node_modules/@boostercloud/cli/dist/services/generator/target/parsing.js:40:15)
[2023-10-03T19:27:16.206Z]     at Array.map (<anonymous>)
[2023-10-03T19:27:16.206Z]     at parseProjections (/usr/local/share/nvm/versions/node/v20.6.1/lib/node_modules/@boostercloud/cli/dist/services/generator/target/parsing.js:33:57)
[2023-10-03T19:27:16.206Z]     at run (/usr/local/share/nvm/versions/node/v20.6.1/lib/node_modules/@boostercloud/cli/dist/commands/new/read-model.js:44:260)
[2023-10-03T19:27:16.206Z]     at ReadModel.run (/usr/local/share/nvm/versions/node/v20.6.1/lib/node_modules/@boostercloud/cli/dist/commands/new/read-model.js:21:20)
[2023-10-03T19:27:16.206Z]     at ReadModel._run (/usr/local/share/nvm/versions/node/v20.6.1/lib/node_modules/@boostercloud/cli/node_modules/@oclif/command/lib/command.js:43:31)
[2023-10-03T19:27:16.206Z]     at async Config.runCommand (/usr/local/share/nvm/versions/node/v20.6.1/lib/node_modules/@boostercloud/cli/node_modules/@oclif/config/lib/config.js:173:24)
[2023-10-03T19:27:16.206Z]     at async Main.run (/usr/local/share/nvm/versions/node/v20.6.1/lib/node_modules/@boostercloud/cli/node_modules/@oclif/command/lib/main.js:28:9)
[2023-10-03T19:27:16.206Z]     at async Main._run (/usr/local/share/nvm/versions/node/v20.6.1/lib/node_modules/@boostercloud/cli/node_modules/@oclif/command/lib/command.js:43:20)[2023-10-03T19:46:49.521Z] 
[2023-10-03T19:46:49.521Z] boost new:entity Transaction --projects TransactionCreated
[2023-10-03T19:46:49.521Z] Unexpected arguments: --projects, TransactionCreated
[2023-10-03T19:46:49.521Z] See more help with --help[2023-10-03T23:25:31.164Z] 
[2023-10-03T23:25:31.165Z] boost new:read-model WalletReadModel --projects Wallet
[2023-10-03T23:25:31.165Z] Error: Error parsing projection Wallet. Projections must be in the form of <entity name>:<entity id>
[2023-10-03T23:25:31.165Z]     at projectionParsingError (/usr/local/share/nvm/versions/node/v20.6.1/lib/node_modules/@boostercloud/cli/dist/services/generator/target/parsing.js:56:48)
[2023-10-03T23:25:31.165Z]     at parseProjection (/usr/local/share/nvm/versions/node/v20.6.1/lib/node_modules/@boostercloud/cli/dist/services/generator/target/parsing.js:40:15)
[2023-10-03T23:25:31.165Z]     at Array.map (<anonymous>)
[2023-10-03T23:25:31.165Z]     at parseProjections (/usr/local/share/nvm/versions/node/v20.6.1/lib/node_modules/@boostercloud/cli/dist/services/generator/target/parsing.js:33:57)
[2023-10-03T23:25:31.165Z]     at run (/usr/local/share/nvm/versions/node/v20.6.1/lib/node_modules/@boostercloud/cli/dist/commands/new/read-model.js:44:260)
[2023-10-03T23:25:31.165Z]     at ReadModel.run (/usr/local/share/nvm/versions/node/v20.6.1/lib/node_modules/@boostercloud/cli/dist/commands/new/read-model.js:21:20)
[2023-10-03T23:25:31.165Z]     at ReadModel._run (/usr/local/share/nvm/versions/node/v20.6.1/lib/node_modules/@boostercloud/cli/node_modules/@oclif/command/lib/command.js:43:31)
[2023-10-03T23:25:31.165Z]     at async Config.runCommand (/usr/local/share/nvm/versions/node/v20.6.1/lib/node_modules/@boostercloud/cli/node_modules/@oclif/config/lib/config.js:173:24)
[2023-10-03T23:25:31.165Z]     at async Main.run (/usr/local/share/nvm/versions/node/v20.6.1/lib/node_modules/@boostercloud/cli/node_modules/@oclif/command/lib/main.js:28:9)
[2023-10-03T23:25:31.165Z]     at async Main._run (/usr/local/share/nvm/versions/node/v20.6.1/lib/node_modules/@boostercloud/cli/node_modules/@oclif/command/lib/command.js:43:20)[2023-10-03T23:42:03.769Z] 
[2023-10-03T23:42:03.769Z] boost start -e local
[2023-10-03T23:42:03.769Z] Error: [38;2;250;110;89m[ChildProcessError] Project contains compilation errors:[39m
[2023-10-03T23:42:03.769Z] Command failed: npm run build
[2023-10-03T23:42:03.769Z]  `npm run build` (exited with error code 1)
[2023-10-03T23:42:03.769Z]     at /usr/local/share/nvm/versions/node/v20.6.1/lib/node_modules/@boostercloud/cli/dist/common/errors.js:18:12
[2023-10-03T23:42:03.769Z]     at /usr/local/share/nvm/versions/node/v20.6.1/lib/node_modules/@boostercloud/cli/node_modules/@effect-ts/system/Effect/orDieWith.js:33:56
[2023-10-03T23:42:03.769Z]     at Object.fold_ (/usr/local/share/nvm/versions/node/v20.6.1/lib/node_modules/@boostercloud/cli/node_modules/@effect-ts/system/Either/core.js:417:23)
[2023-10-03T23:42:03.769Z]     at HandlerFrame.apply (/usr/local/share/nvm/versions/node/v20.6.1/lib/node_modules/@boostercloud/cli/node_modules/@effect-ts/system/Effect/foldM.js:33:52)
[2023-10-03T23:42:03.769Z]     at FiberContext.nextInstr (/usr/local/share/nvm/versions/node/v20.6.1/lib/node_modules/@boostercloud/cli/node_modules/@effect-ts/system/Fiber/context.js:391:16)
[2023-10-03T23:42:03.769Z]     at FiberContext.evaluateNow (/usr/local/share/nvm/versions/node/v20.6.1/lib/node_modules/@boostercloud/cli/node_modules/@effect-ts/system/Fiber/context.js:870:40)
[2023-10-03T23:42:03.769Z]     at /usr/local/share/nvm/versions/node/v20.6.1/lib/node_modules/@boostercloud/cli/node_modules/@effect-ts/system/Fiber/context.js:558:47
[2023-10-03T23:42:03.769Z]     at /usr/local/share/nvm/versions/node/v20.6.1/lib/node_modules/@boostercloud/cli/node_modules/@effect-ts/system/Support/Scheduler/index.js:20:22
[2023-10-03T23:42:03.769Z]     at process.processTicksAndRejections (node:internal/process/task_queues:95:5)[2023-10-03T23:42:31.190Z] 
[2023-10-03T23:42:31.190Z] boost start -e local
[2023-10-03T23:42:31.190Z] Error: [38;2;250;110;89m[ChildProcessError] Project contains compilation errors:[39m
[2023-10-03T23:42:31.190Z] Command failed: npm run build
[2023-10-03T23:42:31.190Z]  `npm run build` (exited with error code 1)
[2023-10-03T23:42:31.190Z]     at /usr/local/share/nvm/versions/node/v20.6.1/lib/node_modules/@boostercloud/cli/dist/common/errors.js:18:12
[2023-10-03T23:42:31.190Z]     at /usr/local/share/nvm/versions/node/v20.6.1/lib/node_modules/@boostercloud/cli/node_modules/@effect-ts/system/Effect/orDieWith.js:33:56
[2023-10-03T23:42:31.190Z]     at Object.fold_ (/usr/local/share/nvm/versions/node/v20.6.1/lib/node_modules/@boostercloud/cli/node_modules/@effect-ts/system/Either/core.js:417:23)
[2023-10-03T23:42:31.190Z]     at HandlerFrame.apply (/usr/local/share/nvm/versions/node/v20.6.1/lib/node_modules/@boostercloud/cli/node_modules/@effect-ts/system/Effect/foldM.js:33:52)
[2023-10-03T23:42:31.190Z]     at FiberContext.nextInstr (/usr/local/share/nvm/versions/node/v20.6.1/lib/node_modules/@boostercloud/cli/node_modules/@effect-ts/system/Fiber/context.js:391:16)
[2023-10-03T23:42:31.190Z]     at FiberContext.evaluateNow (/usr/local/share/nvm/versions/node/v20.6.1/lib/node_modules/@boostercloud/cli/node_modules/@effect-ts/system/Fiber/context.js:870:40)
[2023-10-03T23:42:31.190Z]     at /usr/local/share/nvm/versions/node/v20.6.1/lib/node_modules/@boostercloud/cli/node_modules/@effect-ts/system/Fiber/context.js:558:47
[2023-10-03T23:42:31.190Z]     at /usr/local/share/nvm/versions/node/v20.6.1/lib/node_modules/@boostercloud/cli/node_modules/@effect-ts/system/Support/Scheduler/index.js:20:22
[2023-10-03T23:42:31.190Z]     at process.processTicksAndRejections (node:internal/process/task_queues:95:5)[2023-10-03T23:43:26.982Z] 
[2023-10-03T23:43:26.982Z] boost build 
[2023-10-03T23:43:26.982Z] Error: [38;2;250;110;89m[ChildProcessError] Project contains compilation errors:[39m
[2023-10-03T23:43:26.982Z] Command failed: npm run build
[2023-10-03T23:43:26.982Z]  `npm run build` (exited with error code 1)
[2023-10-03T23:43:26.982Z]     at /usr/local/share/nvm/versions/node/v20.6.1/lib/node_modules/@boostercloud/cli/dist/common/errors.js:18:12
[2023-10-03T23:43:26.982Z]     at /usr/local/share/nvm/versions/node/v20.6.1/lib/node_modules/@boostercloud/cli/node_modules/@effect-ts/system/Effect/orDieWith.js:33:56
[2023-10-03T23:43:26.982Z]     at Object.fold_ (/usr/local/share/nvm/versions/node/v20.6.1/lib/node_modules/@boostercloud/cli/node_modules/@effect-ts/system/Either/core.js:417:23)
[2023-10-03T23:43:26.982Z]     at HandlerFrame.apply (/usr/local/share/nvm/versions/node/v20.6.1/lib/node_modules/@boostercloud/cli/node_modules/@effect-ts/system/Effect/foldM.js:33:52)
[2023-10-03T23:43:26.982Z]     at FiberContext.nextInstr (/usr/local/share/nvm/versions/node/v20.6.1/lib/node_modules/@boostercloud/cli/node_modules/@effect-ts/system/Fiber/context.js:391:16)
[2023-10-03T23:43:26.982Z]     at FiberContext.evaluateNow (/usr/local/share/nvm/versions/node/v20.6.1/lib/node_modules/@boostercloud/cli/node_modules/@effect-ts/system/Fiber/context.js:870:40)
[2023-10-03T23:43:26.982Z]     at /usr/local/share/nvm/versions/node/v20.6.1/lib/node_modules/@boostercloud/cli/node_modules/@effect-ts/system/Fiber/context.js:558:47
[2023-10-03T23:43:26.982Z]     at /usr/local/share/nvm/versions/node/v20.6.1/lib/node_modules/@boostercloud/cli/node_modules/@effect-ts/system/Support/Scheduler/index.js:20:22
[2023-10-03T23:43:26.982Z]     at process.processTicksAndRejections (node:internal/process/task_queues:95:5)[2023-10-03T23:59:49.029Z] 
[2023-10-03T23:59:49.029Z] boost new:read-model TransactionReadModel --projects Transaction
[2023-10-03T23:59:49.029Z] Error: Error parsing projection Transaction. Projections must be in the form of <entity name>:<entity id>
[2023-10-03T23:59:49.029Z]     at projectionParsingError (/usr/local/share/nvm/versions/node/v20.6.1/lib/node_modules/@boostercloud/cli/dist/services/generator/target/parsing.js:56:48)
[2023-10-03T23:59:49.029Z]     at parseProjection (/usr/local/share/nvm/versions/node/v20.6.1/lib/node_modules/@boostercloud/cli/dist/services/generator/target/parsing.js:40:15)
[2023-10-03T23:59:49.029Z]     at Array.map (<anonymous>)
[2023-10-03T23:59:49.029Z]     at parseProjections (/usr/local/share/nvm/versions/node/v20.6.1/lib/node_modules/@boostercloud/cli/dist/services/generator/target/parsing.js:33:57)
[2023-10-03T23:59:49.029Z]     at run (/usr/local/share/nvm/versions/node/v20.6.1/lib/node_modules/@boostercloud/cli/dist/commands/new/read-model.js:44:260)
[2023-10-03T23:59:49.029Z]     at ReadModel.run (/usr/local/share/nvm/versions/node/v20.6.1/lib/node_modules/@boostercloud/cli/dist/commands/new/read-model.js:21:20)
[2023-10-03T23:59:49.029Z]     at ReadModel._run (/usr/local/share/nvm/versions/node/v20.6.1/lib/node_modules/@boostercloud/cli/node_modules/@oclif/command/lib/command.js:43:31)
[2023-10-03T23:59:49.029Z]     at async Config.runCommand (/usr/local/share/nvm/versions/node/v20.6.1/lib/node_modules/@boostercloud/cli/node_modules/@oclif/config/lib/config.js:173:24)
[2023-10-03T23:59:49.029Z]     at async Main.run (/usr/local/share/nvm/versions/node/v20.6.1/lib/node_modules/@boostercloud/cli/node_modules/@oclif/command/lib/main.js:28:9)
[2023-10-03T23:59:49.029Z]     at async Main._run (/usr/local/share/nvm/versions/node/v20.6.1/lib/node_modules/@boostercloud/cli/node_modules/@oclif/command/lib/command.js:43:20)[2023-10-04T00:13:52.469Z] 
[2023-10-04T00:13:52.469Z] boost start -e local
[2023-10-04T00:13:52.469Z] Error: [38;2;250;110;89m[ChildProcessError] Project contains compilation errors:[39m
[2023-10-04T00:13:52.469Z] Command failed: npm run build
[2023-10-04T00:13:52.469Z]  `npm run build` (exited with error code 1)
[2023-10-04T00:13:52.469Z]     at /usr/local/share/nvm/versions/node/v20.6.1/lib/node_modules/@boostercloud/cli/dist/common/errors.js:18:12
[2023-10-04T00:13:52.469Z]     at /usr/local/share/nvm/versions/node/v20.6.1/lib/node_modules/@boostercloud/cli/node_modules/@effect-ts/system/Effect/orDieWith.js:33:56
[2023-10-04T00:13:52.469Z]     at Object.fold_ (/usr/local/share/nvm/versions/node/v20.6.1/lib/node_modules/@boostercloud/cli/node_modules/@effect-ts/system/Either/core.js:417:23)
[2023-10-04T00:13:52.469Z]     at HandlerFrame.apply (/usr/local/share/nvm/versions/node/v20.6.1/lib/node_modules/@boostercloud/cli/node_modules/@effect-ts/system/Effect/foldM.js:33:52)
[2023-10-04T00:13:52.469Z]     at FiberContext.nextInstr (/usr/local/share/nvm/versions/node/v20.6.1/lib/node_modules/@boostercloud/cli/node_modules/@effect-ts/system/Fiber/context.js:391:16)
[2023-10-04T00:13:52.469Z]     at FiberContext.evaluateNow (/usr/local/share/nvm/versions/node/v20.6.1/lib/node_modules/@boostercloud/cli/node_modules/@effect-ts/system/Fiber/context.js:870:40)
[2023-10-04T00:13:52.469Z]     at /usr/local/share/nvm/versions/node/v20.6.1/lib/node_modules/@boostercloud/cli/node_modules/@effect-ts/system/Fiber/context.js:558:47
[2023-10-04T00:13:52.469Z]     at /usr/local/share/nvm/versions/node/v20.6.1/lib/node_modules/@boostercloud/cli/node_modules/@effect-ts/system/Support/Scheduler/index.js:20:22
[2023-10-04T00:13:52.469Z]     at process.processTicksAndRejections (node:internal/process/task_queues:95:5)[2023-10-04T00:14:08.425Z] 
[2023-10-04T00:14:08.426Z] boost start -e local
[2023-10-04T00:14:08.426Z] Error: [38;2;250;110;89m[ChildProcessError] Project contains compilation errors:[39m
[2023-10-04T00:14:08.426Z] Command failed: npm run build
[2023-10-04T00:14:08.426Z]  `npm run build` (exited with error code 1)
[2023-10-04T00:14:08.426Z]     at /usr/local/share/nvm/versions/node/v20.6.1/lib/node_modules/@boostercloud/cli/dist/common/errors.js:18:12
[2023-10-04T00:14:08.426Z]     at /usr/local/share/nvm/versions/node/v20.6.1/lib/node_modules/@boostercloud/cli/node_modules/@effect-ts/system/Effect/orDieWith.js:33:56
[2023-10-04T00:14:08.426Z]     at Object.fold_ (/usr/local/share/nvm/versions/node/v20.6.1/lib/node_modules/@boostercloud/cli/node_modules/@effect-ts/system/Either/core.js:417:23)
[2023-10-04T00:14:08.426Z]     at HandlerFrame.apply (/usr/local/share/nvm/versions/node/v20.6.1/lib/node_modules/@boostercloud/cli/node_modules/@effect-ts/system/Effect/foldM.js:33:52)
[2023-10-04T00:14:08.426Z]     at FiberContext.nextInstr (/usr/local/share/nvm/versions/node/v20.6.1/lib/node_modules/@boostercloud/cli/node_modules/@effect-ts/system/Fiber/context.js:391:16)
[2023-10-04T00:14:08.426Z]     at FiberContext.evaluateNow (/usr/local/share/nvm/versions/node/v20.6.1/lib/node_modules/@boostercloud/cli/node_modules/@effect-ts/system/Fiber/context.js:870:40)
[2023-10-04T00:14:08.426Z]     at /usr/local/share/nvm/versions/node/v20.6.1/lib/node_modules/@boostercloud/cli/node_modules/@effect-ts/system/Fiber/context.js:558:47
[2023-10-04T00:14:08.426Z]     at /usr/local/share/nvm/versions/node/v20.6.1/lib/node_modules/@boostercloud/cli/node_modules/@effect-ts/system/Support/Scheduler/index.js:20:22
[2023-10-04T00:14:08.426Z]     at process.processTicksAndRejections (node:internal/process/task_queues:95:5)[2023-10-04T00:40:50.906Z] 
[2023-10-04T00:40:50.906Z] boost start -e local
[2023-10-04T00:40:50.906Z] Error: [38;2;250;110;89m[ChildProcessError] Project contains compilation errors:[39m
[2023-10-04T00:40:50.906Z] Command failed: npm run build
[2023-10-04T00:40:50.906Z] /workspaces/booster-wallet-test/node_modules/typescript/lib/typescript.js:117612
[2023-10-04T00:40:50.906Z]                 throw e;
[2023-10-04T00:40:50.906Z]                 ^
[2023-10-04T00:40:50.906Z] 
[2023-10-04T00:40:50.906Z] Error: Could not extract typeName for type {"name":"[]","typeName":"","typeGroup":"Object","isNullable":false,"parameters":[],"isGetAccessor":false}
[2023-10-04T00:40:50.906Z]     at go (/workspaces/booster-wallet-test/node_modules/@boostercloud/metadata-booster/dist/metadata-extractors.js:127:19)
[2023-10-04T00:40:50.906Z]     at /workspaces/booster-wallet-test/node_modules/@boostercloud/metadata-booster/dist/metadata-extractors.js:83:71
[2023-10-04T00:40:50.906Z]     at Array.map (<anonymous>)
[2023-10-04T00:40:50.906Z]     at go (/workspaces/booster-wallet-test/node_modules/@boostercloud/metadata-booster/dist/metadata-extractors.js:83:60)
[2023-10-04T00:40:50.906Z]     at getTypeInfo (/workspaces/booster-wallet-test/node_modules/@boostercloud/metadata-booster/dist/metadata-extractors.js:33:12)
[2023-10-04T00:40:50.906Z]     at /workspaces/booster-wallet-test/node_modules/@boostercloud/metadata-booster/dist/metadata-extractors.js:12:88
[2023-10-04T00:40:50.906Z]     at Array.map (<anonymous>)
[2023-10-04T00:40:50.906Z]     at getClassInfo (/workspaces/booster-wallet-test/node_modules/@boostercloud/metadata-booster/dist/metadata-extractors.js:12:45)
[2023-10-04T00:40:50.906Z]     at visitor (/workspaces/booster-wallet-test/node_modules/@boostercloud/metadata-booster/dist/index.js:31:78)
[2023-10-04T00:40:50.906Z]     at visitNodes (/workspaces/booster-wallet-test/node_modules/typescript/lib/typescript.js:89367:48)
[2023-10-04T00:40:50.906Z] 
[2023-10-04T00:40:50.906Z] Node.js v20.6.1
[2023-10-04T00:40:50.906Z]  `npm run build` (exited with error code 1)
[2023-10-04T00:40:50.906Z]     at /usr/local/share/nvm/versions/node/v20.6.1/lib/node_modules/@boostercloud/cli/dist/common/errors.js:18:12
[2023-10-04T00:40:50.906Z]     at /usr/local/share/nvm/versions/node/v20.6.1/lib/node_modules/@boostercloud/cli/node_modules/@effect-ts/system/Effect/orDieWith.js:33:56
[2023-10-04T00:40:50.906Z]     at Object.fold_ (/usr/local/share/nvm/versions/node/v20.6.1/lib/node_modules/@boostercloud/cli/node_modules/@effect-ts/system/Either/core.js:417:23)
[2023-10-04T00:40:50.906Z]     at HandlerFrame.apply (/usr/local/share/nvm/versions/node/v20.6.1/lib/node_modules/@boostercloud/cli/node_modules/@effect-ts/system/Effect/foldM.js:33:52)
[2023-10-04T00:40:50.906Z]     at FiberContext.nextInstr (/usr/local/share/nvm/versions/node/v20.6.1/lib/node_modules/@boostercloud/cli/node_modules/@effect-ts/system/Fiber/context.js:391:16)
[2023-10-04T00:40:50.906Z]     at FiberContext.evaluateNow (/usr/local/share/nvm/versions/node/v20.6.1/lib/node_modules/@boostercloud/cli/node_modules/@effect-ts/system/Fiber/context.js:870:40)
[2023-10-04T00:40:50.906Z]     at /usr/local/share/nvm/versions/node/v20.6.1/lib/node_modules/@boostercloud/cli/node_modules/@effect-ts/system/Fiber/context.js:558:47
[2023-10-04T00:40:50.906Z]     at /usr/local/share/nvm/versions/node/v20.6.1/lib/node_modules/@boostercloud/cli/node_modules/@effect-ts/system/Support/Scheduler/index.js:20:22
[2023-10-04T00:40:50.906Z]     at process.processTicksAndRejections (node:internal/process/task_queues:95:5)